<?xml version="1.0" encoding="UTF-8" ?>
<testsuite failures="0" time="12.794" errors="0" skipped="0" tests="21" name="es.udc.pojo.minibank.test.model.accountservice.AccountServiceTest">
  <properties>
    <property name="java.runtime.name" value="Java(TM) SE Runtime Environment"/>
    <property name="sun.boot.library.path" value="/opt/jdk1.7.0_05/jre/lib/amd64"/>
    <property name="java.vm.version" value="23.1-b03"/>
    <property name="java.vm.vendor" value="Oracle Corporation"/>
    <property name="java.vendor.url" value="http://java.oracle.com/"/>
    <property name="path.separator" value=":"/>
    <property name="guice.disable.misplaced.annotation.check" value="true"/>
    <property name="java.vm.name" value="Java HotSpot(TM) 64-Bit Server VM"/>
    <property name="file.encoding.pkg" value="sun.io"/>
    <property name="user.country" value="ES"/>
    <property name="sun.java.launcher" value="SUN_STANDARD"/>
    <property name="sun.os.patch.level" value="unknown"/>
    <property name="java.vm.specification.name" value="Java Virtual Machine Specification"/>
    <property name="user.dir" value="/home/martin/Dropbox/Shared Folders/martin-iago-carlos-johnnie/PA/pojo-examples-2.0.0"/>
    <property name="java.runtime.version" value="1.7.0_05-b06"/>
    <property name="java.awt.graphicsenv" value="sun.awt.X11GraphicsEnvironment"/>
    <property name="java.endorsed.dirs" value="/opt/jdk1.7.0_05/jre/lib/endorsed"/>
    <property name="os.arch" value="amd64"/>
    <property name="java.io.tmpdir" value="/tmp"/>
    <property name="line.separator" value="
"/>
    <property name="java.vm.specification.vendor" value="Oracle Corporation"/>
    <property name="os.name" value="Linux"/>
    <property name="classworlds.conf" value="/opt/maven/bin/m2.conf"/>
    <property name="sun.jnu.encoding" value="UTF-8"/>
    <property name="java.library.path" value="/usr/java/packages/lib/amd64:/usr/lib64:/lib64:/lib:/usr/lib"/>
    <property name="java.specification.name" value="Java Platform API Specification"/>
    <property name="java.class.version" value="51.0"/>
    <property name="sun.management.compiler" value="HotSpot 64-Bit Tiered Compilers"/>
    <property name="os.version" value="3.5.0-17-generic"/>
    <property name="user.home" value="/home/martin"/>
    <property name="user.timezone" value="Europe/Madrid"/>
    <property name="java.awt.printerjob" value="sun.print.PSPrinterJob"/>
    <property name="file.encoding" value="UTF-8"/>
    <property name="java.specification.version" value="1.7"/>
    <property name="user.name" value="martin"/>
    <property name="java.class.path" value="/opt/maven/boot/plexus-classworlds-2.4.jar"/>
    <property name="java.vm.specification.version" value="1.7"/>
    <property name="sun.arch.data.model" value="64"/>
    <property name="java.home" value="/opt/jdk1.7.0_05/jre"/>
    <property name="sun.java.command" value="org.codehaus.plexus.classworlds.launcher.Launcher sql:execute install"/>
    <property name="java.specification.vendor" value="Oracle Corporation"/>
    <property name="user.language" value="es"/>
    <property name="awt.toolkit" value="sun.awt.X11.XToolkit"/>
    <property name="java.vm.info" value="mixed mode"/>
    <property name="java.version" value="1.7.0_05"/>
    <property name="java.ext.dirs" value="/opt/jdk1.7.0_05/jre/lib/ext:/usr/java/packages/lib/ext"/>
    <property name="securerandom.source" value="file:/dev/./urandom"/>
    <property name="sun.boot.class.path" value="/opt/jdk1.7.0_05/jre/lib/resources.jar:/opt/jdk1.7.0_05/jre/lib/rt.jar:/opt/jdk1.7.0_05/jre/lib/sunrsasign.jar:/opt/jdk1.7.0_05/jre/lib/jsse.jar:/opt/jdk1.7.0_05/jre/lib/jce.jar:/opt/jdk1.7.0_05/jre/lib/charsets.jar:/opt/jdk1.7.0_05/jre/lib/jfr.jar:/opt/jdk1.7.0_05/jre/classes"/>
    <property name="java.vendor" value="Oracle Corporation"/>
    <property name="maven.home" value="/opt/maven"/>
    <property name="file.separator" value="/"/>
    <property name="java.vendor.url.bug" value="http://bugreport.sun.com/bugreport/"/>
    <property name="sun.cpu.endian" value="little"/>
    <property name="sun.io.unicode.encoding" value="UnicodeLittle"/>
    <property name="sun.desktop" value="gnome"/>
    <property name="sun.cpu.isalist" value=""/>
  </properties>
  <testcase time="8.835" classname="es.udc.pojo.minibank.test.model.accountservice.AccountServiceTest" name="testCreateAccountAndFindAccount"/>
  <testcase time="0.062" classname="es.udc.pojo.minibank.test.model.accountservice.AccountServiceTest" name="testFindNonExistentAccount"/>
  <testcase time="0.838" classname="es.udc.pojo.minibank.test.model.accountservice.AccountServiceTest" name="testAddToAccount"/>
  <testcase time="0.08" classname="es.udc.pojo.minibank.test.model.accountservice.AccountServiceTest" name="testAddToNonExistentAccount"/>
  <testcase time="0.184" classname="es.udc.pojo.minibank.test.model.accountservice.AccountServiceTest" name="testWithdrawFromAccount"/>
  <testcase time="0.064" classname="es.udc.pojo.minibank.test.model.accountservice.AccountServiceTest" name="testWithdrawFromNonExistentAccount"/>
  <testcase time="0.07" classname="es.udc.pojo.minibank.test.model.accountservice.AccountServiceTest" name="testWithdrawWithInsufficientBalance"/>
  <testcase time="0.125" classname="es.udc.pojo.minibank.test.model.accountservice.AccountServiceTest" name="testRemoveAccount"/>
  <testcase time="0.024" classname="es.udc.pojo.minibank.test.model.accountservice.AccountServiceTest" name="testRemoveNonExistentAccount"/>
  <testcase time="0.36" classname="es.udc.pojo.minibank.test.model.accountservice.AccountServiceTest" name="testFindAccountOperationsByDate2"/>
  <testcase time="0.109" classname="es.udc.pojo.minibank.test.model.accountservice.AccountServiceTest" name="testFindAccountOperationsByDateWithoutOperations"/>
  <testcase time="0.032" classname="es.udc.pojo.minibank.test.model.accountservice.AccountServiceTest" name="testFindAccountOperationsFromNonExistentAccount"/>
  <testcase time="0.517" classname="es.udc.pojo.minibank.test.model.accountservice.AccountServiceTest" name="testGetNumberOfAccountOperations"/>
  <testcase time="0.069" classname="es.udc.pojo.minibank.test.model.accountservice.AccountServiceTest" name="testGetNumberOfAccountOperationsWithoutOperations"/>
  <testcase time="0.025" classname="es.udc.pojo.minibank.test.model.accountservice.AccountServiceTest" name="testGetNumberOfAccountOperationsFromNonExistentAccount"/>
  <testcase time="0.065" classname="es.udc.pojo.minibank.test.model.accountservice.AccountServiceTest" name="testFindAccountsByUserIdWithoutAccounts"/>
  <testcase time="0.132" classname="es.udc.pojo.minibank.test.model.accountservice.AccountServiceTest" name="testFindAccountsByUserId"/>
  <testcase time="0.164" classname="es.udc.pojo.minibank.test.model.accountservice.AccountServiceTest" name="testTransfer"/>
  <testcase time="0.11" classname="es.udc.pojo.minibank.test.model.accountservice.AccountServiceTest" name="testTransferWithInsufficientBalance"/>
  <testcase time="0.051" classname="es.udc.pojo.minibank.test.model.accountservice.AccountServiceTest" name="testTransferFromNonExistentAccount"/>
  <testcase time="0.061" classname="es.udc.pojo.minibank.test.model.accountservice.AccountServiceTest" name="testTransferToNonExistentAccount"/>
</testsuite>